WdgMtb: ACCESS solid_surf_rg@EXTRUSION is AVAILABLE (CB)
WdgMtb: ACCESS remove_material_popup@extrev_feature_popup@EXTRUSION is invisible (UI)
WdgMtb: ACCESS thick_sketch_popup@extrev_feature_popup@EXTRUSION is AVAILABLE (CB)
WdgMtb: ACCESS DefineRmbBtn@extrev_feature_popup@EXTRUSION is AVAILABLE (CB)
WdgMtb: ACCESS SketchRmbBtn@extrev_feature_popup@EXTRUSION is invisible (UI)
WdgMtb: ACCESS add_draft_popup@extrev_feature_popup@EXTRUSION is invisible (UI)
WdgMtb: ACCESS cap_ends_popup@extrev_feature_popup@EXTRUSION is invisible (UI)
WdgMtb: ACCESS solid_surf_rg@EXTRUSION is AVAILABLE (CB)
WdgMtb: ACCESS remove_material_popup@extrev_feature_popup@EXTRUSION is invisible (UI)
WdgMtb: ACCESS thick_sketch_popup@extrev_feature_popup@EXTRUSION is AVAILABLE (CB)
WdgMtb: ACCESS DefineRmbBtn@extrev_feature_popup@EXTRUSION is AVAILABLE (CB)
WdgMtb: ACCESS SketchRmbBtn@extrev_feature_popup@EXTRUSION is invisible (UI)
WdgMtb: ACCESS add_draft_popup@extrev_feature_popup@EXTRUSION is invisible (UI)
WdgMtb: ACCESS cap_ends_popup@extrev_feature_popup@EXTRUSION is invisible (UI)
WdgMtb: ACCESS solid_surf_rg@EXTRUSION is invisible (UI)
WdgMtb: ACCESS remove_material_popup@extrev_feature_popup@EXTRUSION is invisible (UI)
WdgMtb: ACCESS thick_sketch_popup@extrev_feature_popup@EXTRUSION is invisible (UI)
WdgMtb: ACCESS DefineRmbBtn@extrev_feature_popup@EXTRUSION is invisible (UI)
WdgMtb: ACCESS SketchRmbBtn@extrev_feature_popup@EXTRUSION is invisible (UI)
WdgMtb: ACCESS add_draft_popup@extrev_feature_popup@EXTRUSION is invisible (UI)
WdgMtb: ACCESS cap_ends_popup@extrev_feature_popup@EXTRUSION is invisible (UI)
WdgMtb: ACCESS solid_surf_rg@EXTRUSION is invisible (UI)
WdgMtb: ACCESS remove_material_popup@extrev_feature_popup@EXTRUSION is invisible (UI)
WdgMtb: ACCESS thick_sketch_popup@extrev_feature_popup@EXTRUSION is invisible (UI)
WdgMtb: ACCESS DefineRmbBtn@extrev_feature_popup@EXTRUSION is invisible (UI)
WdgMtb: ACCESS SketchRmbBtn@extrev_feature_popup@EXTRUSION is invisible (UI)
WdgMtb: ACCESS add_draft_popup@extrev_feature_popup@EXTRUSION is invisible (UI)
WdgMtb: ACCESS cap_ends_popup@extrev_feature_popup@EXTRUSION is invisible (UI)
WdgMtb: ACCESS solid_surf_rg@EXTRUSION is invisible (UI)
WdgMtb: ACCESS remove_material_popup@extrev_feature_popup@EXTRUSION is invisible (UI)
WdgMtb: ACCESS thick_sketch_popup@extrev_feature_popup@EXTRUSION is invisible (UI)
WdgMtb: ACCESS DefineRmbBtn@extrev_feature_popup@EXTRUSION is invisible (UI)
WdgMtb: ACCESS SketchRmbBtn@extrev_feature_popup@EXTRUSION is invisible (UI)
WdgMtb: ACCESS add_draft_popup@extrev_feature_popup@EXTRUSION is invisible (UI)
WdgMtb: ACCESS cap_ends_popup@extrev_feature_popup@EXTRUSION is invisible (UI)
WdgMtb: ACCESS solid_surf_rg@EXTRUSION is invisible (UI)
WdgMtb: ACCESS remove_material_popup@extrev_feature_popup@EXTRUSION is invisible (UI)
WdgMtb: ACCESS thick_sketch_popup@extrev_feature_popup@EXTRUSION is invisible (UI)
WdgMtb: ACCESS DefineRmbBtn@extrev_feature_popup@EXTRUSION is invisible (UI)
WdgMtb: ACCESS SketchRmbBtn@extrev_feature_popup@EXTRUSION is invisible (UI)
WdgMtb: ACCESS add_draft_popup@extrev_feature_popup@EXTRUSION is invisible (UI)
WdgMtb: ACCESS cap_ends_popup@extrev_feature_popup@EXTRUSION is invisible (UI)
WdgMtb: ACCESS solid_surf_rg@EXTRUSION is invisible (UI)
WdgMtb: ACCESS remove_material_popup@extrev_feature_popup@EXTRUSION is invisible (UI)
WdgMtb: ACCESS thick_sketch_popup@extrev_feature_popup@EXTRUSION is invisible (UI)
WdgMtb: ACCESS DefineRmbBtn@extrev_feature_popup@EXTRUSION is invisible (UI)
WdgMtb: ACCESS SketchRmbBtn@extrev_feature_popup@EXTRUSION is invisible (UI)
WdgMtb: ACCESS add_draft_popup@extrev_feature_popup@EXTRUSION is invisible (UI)
WdgMtb: ACCESS cap_ends_popup@extrev_feature_popup@EXTRUSION is invisible (UI)
WdgMtb: ACCESS solid_surf_rg@EXTRUSION is invisible (UI)
WdgMtb: ACCESS remove_material_popup@extrev_feature_popup@EXTRUSION is invisible (UI)
WdgMtb: ACCESS thick_sketch_popup@extrev_feature_popup@EXTRUSION is invisible (UI)
WdgMtb: ACCESS DefineRmbBtn@extrev_feature_popup@EXTRUSION is invisible (UI)
WdgMtb: ACCESS SketchRmbBtn@extrev_feature_popup@EXTRUSION is invisible (UI)
WdgMtb: ACCESS add_draft_popup@extrev_feature_popup@EXTRUSION is invisible (UI)
WdgMtb: ACCESS cap_ends_popup@extrev_feature_popup@EXTRUSION is invisible (UI)
WdgMtb: ACCESS solid_surf_rg@EXTRUSION is invisible (UI)
WdgMtb: ACCESS remove_material_popup@extrev_feature_popup@EXTRUSION is invisible (UI)
WdgMtb: ACCESS thick_sketch_popup@extrev_feature_popup@EXTRUSION is invisible (UI)
WdgMtb: ACCESS DefineRmbBtn@extrev_feature_popup@EXTRUSION is invisible (UI)
WdgMtb: ACCESS SketchRmbBtn@extrev_feature_popup@EXTRUSION is invisible (UI)
WdgMtb: ACCESS add_draft_popup@extrev_feature_popup@EXTRUSION is invisible (UI)
WdgMtb: ACCESS cap_ends_popup@extrev_feature_popup@EXTRUSION is invisible (UI)
WdgMtb: ACCESS solid_surf_rg@EXTRUSION is invisible (UI)
WdgMtb: ACCESS remove_material_popup@extrev_feature_popup@EXTRUSION is invisible (UI)
WdgMtb: ACCESS thick_sketch_popup@extrev_feature_popup@EXTRUSION is invisible (UI)
WdgMtb: ACCESS DefineRmbBtn@extrev_feature_popup@EXTRUSION is invisible (UI)
WdgMtb: ACCESS SketchRmbBtn@extrev_feature_popup@EXTRUSION is invisible (UI)
WdgMtb: ACCESS add_draft_popup@extrev_feature_popup@EXTRUSION is invisible (UI)
WdgMtb: ACCESS cap_ends_popup@extrev_feature_popup@EXTRUSION is invisible (UI)
WdgMtb: ACCESS solid_surf_rg@EXTRUSION is invisible (UI)
WdgMtb: ACCESS remove_material_popup@extrev_feature_popup@EXTRUSION is invisible (UI)
WdgMtb: ACCESS thick_sketch_popup@extrev_feature_popup@EXTRUSION is invisible (UI)
WdgMtb: ACCESS DefineRmbBtn@extrev_feature_popup@EXTRUSION is invisible (UI)
WdgMtb: ACCESS SketchRmbBtn@extrev_feature_popup@EXTRUSION is invisible (UI)
WdgMtb: ACCESS add_draft_popup@extrev_feature_popup@EXTRUSION is invisible (UI)
WdgMtb: ACCESS cap_ends_popup@extrev_feature_popup@EXTRUSION is invisible (UI)
WdgMtb: ACCESS solid_surf_rg@EXTRUSION is invisible (UI)
WdgMtb: ACCESS remove_material_popup@extrev_feature_popup@EXTRUSION is invisible (UI)
WdgMtb: ACCESS thick_sketch_popup@extrev_feature_popup@EXTRUSION is invisible (UI)
WdgMtb: ACCESS DefineRmbBtn@extrev_feature_popup@EXTRUSION is invisible (UI)
WdgMtb: ACCESS SketchRmbBtn@extrev_feature_popup@EXTRUSION is invisible (UI)
WdgMtb: ACCESS add_draft_popup@extrev_feature_popup@EXTRUSION is invisible (UI)
WdgMtb: ACCESS cap_ends_popup@extrev_feature_popup@EXTRUSION is invisible (UI)
WdgMtb: ACCESS solid_surf_rg@EXTRUSION is invisible (UI)
WdgMtb: ACCESS remove_material_popup@extrev_feature_popup@EXTRUSION is invisible (UI)
WdgMtb: ACCESS thick_sketch_popup@extrev_feature_popup@EXTRUSION is invisible (UI)
WdgMtb: ACCESS DefineRmbBtn@extrev_feature_popup@EXTRUSION is invisible (UI)
WdgMtb: ACCESS SketchRmbBtn@extrev_feature_popup@EXTRUSION is invisible (UI)
WdgMtb: ACCESS add_draft_popup@extrev_feature_popup@EXTRUSION is invisible (UI)
WdgMtb: ACCESS cap_ends_popup@extrev_feature_popup@EXTRUSION is invisible (UI)
WdgMtb: ACCESS solid_surf_rg@EXTRUSION is invisible (UI)
WdgMtb: ACCESS remove_material_popup@extrev_feature_popup@EXTRUSION is invisible (UI)
WdgMtb: ACCESS thick_sketch_popup@extrev_feature_popup@EXTRUSION is invisible (UI)
WdgMtb: ACCESS DefineRmbBtn@extrev_feature_popup@EXTRUSION is invisible (UI)
WdgMtb: ACCESS SketchRmbBtn@extrev_feature_popup@EXTRUSION is invisible (UI)
WdgMtb: ACCESS add_draft_popup@extrev_feature_popup@EXTRUSION is invisible (UI)
WdgMtb: ACCESS cap_ends_popup@extrev_feature_popup@EXTRUSION is invisible (UI)
WdgMtb: ACCESS solid_surf_rg@EXTRUSION is invisible (UI)
WdgMtb: ACCESS remove_material_popup@extrev_feature_popup@EXTRUSION is invisible (UI)
WdgMtb: ACCESS thick_sketch_popup@extrev_feature_popup@EXTRUSION is invisible (UI)
WdgMtb: ACCESS DefineRmbBtn@extrev_feature_popup@EXTRUSION is invisible (UI)
WdgMtb: ACCESS SketchRmbBtn@extrev_feature_popup@EXTRUSION is invisible (UI)
WdgMtb: ACCESS add_draft_popup@extrev_feature_popup@EXTRUSION is invisible (UI)
WdgMtb: ACCESS cap_ends_popup@extrev_feature_popup@EXTRUSION is invisible (UI)
WdgMtb: ACCESS solid_surf_rg@EXTRUSION is invisible (UI)
WdgMtb: ACCESS remove_material_popup@extrev_feature_popup@EXTRUSION is invisible (UI)
WdgMtb: ACCESS thick_sketch_popup@extrev_feature_popup@EXTRUSION is invisible (UI)
WdgMtb: ACCESS DefineRmbBtn@extrev_feature_popup@EXTRUSION is invisible (UI)
WdgMtb: ACCESS SketchRmbBtn@extrev_feature_popup@EXTRUSION is invisible (UI)
WdgMtb: ACCESS add_draft_popup@extrev_feature_popup@EXTRUSION is invisible (UI)
WdgMtb: ACCESS cap_ends_popup@extrev_feature_popup@EXTRUSION is invisible (UI)
WdgMtb: ACCESS solid_surf_rg@EXTRUSION is AVAILABLE (CB)
WdgMtb: ACCESS remove_material_popup@extrev_feature_popup@EXTRUSION is invisible (UI)
WdgMtb: ACCESS thick_sketch_popup@extrev_feature_popup@EXTRUSION is AVAILABLE (CB)
WdgMtb: ACCESS DefineRmbBtn@extrev_feature_popup@EXTRUSION is invisible (UI)
WdgMtb: ACCESS SketchRmbBtn@extrev_feature_popup@EXTRUSION is AVAILABLE (CB)
WdgMtb: ACCESS add_draft_popup@extrev_feature_popup@EXTRUSION is AVAILABLE (CB)
WdgMtb: ACCESS cap_ends_popup@extrev_feature_popup@EXTRUSION is invisible (UI)
WdgMtb: ACCESS solid_surf_rg@EXTRUSION is AVAILABLE (CB)
WdgMtb: ACCESS remove_material_popup@extrev_feature_popup@EXTRUSION is invisible (UI)
WdgMtb: ACCESS thick_sketch_popup@extrev_feature_popup@EXTRUSION is AVAILABLE (CB)
WdgMtb: ACCESS DefineRmbBtn@extrev_feature_popup@EXTRUSION is invisible (UI)
WdgMtb: ACCESS SketchRmbBtn@extrev_feature_popup@EXTRUSION is AVAILABLE (CB)
WdgMtb: ACCESS add_draft_popup@extrev_feature_popup@EXTRUSION is AVAILABLE (CB)
WdgMtb: ACCESS cap_ends_popup@extrev_feature_popup@EXTRUSION is invisible (UI)
WdgMtb: ACCESS solid_surf_rg@EXTRUSION is AVAILABLE (CB)
WdgMtb: ACCESS remove_material_popup@extrev_feature_popup@EXTRUSION is invisible (UI)
WdgMtb: ACCESS thick_sketch_popup@extrev_feature_popup@EXTRUSION is AVAILABLE (CB)
WdgMtb: ACCESS DefineRmbBtn@extrev_feature_popup@EXTRUSION is invisible (UI)
WdgMtb: ACCESS SketchRmbBtn@extrev_feature_popup@EXTRUSION is AVAILABLE (CB)
WdgMtb: ACCESS add_draft_popup@extrev_feature_popup@EXTRUSION is AVAILABLE (CB)
WdgMtb: ACCESS cap_ends_popup@extrev_feature_popup@EXTRUSION is invisible (UI)
WdgMtb: ACCESS solid_surf_rg@EXTRUSION is AVAILABLE (CB)
WdgMtb: ACCESS remove_material_popup@extrev_feature_popup@EXTRUSION is invisible (UI)
WdgMtb: ACCESS thick_sketch_popup@extrev_feature_popup@EXTRUSION is AVAILABLE (CB)
WdgMtb: ACCESS DefineRmbBtn@extrev_feature_popup@EXTRUSION is invisible (UI)
WdgMtb: ACCESS SketchRmbBtn@extrev_feature_popup@EXTRUSION is AVAILABLE (CB)
WdgMtb: ACCESS add_draft_popup@extrev_feature_popup@EXTRUSION is AVAILABLE (CB)
WdgMtb: ACCESS cap_ends_popup@extrev_feature_popup@EXTRUSION is invisible (UI)
WdgMtb: ACCESS solid_surf_rg@EXTRUSION is AVAILABLE (CB)
WdgMtb: ACCESS remove_material_popup@extrev_feature_popup@EXTRUSION is invisible (UI)
WdgMtb: ACCESS thick_sketch_popup@extrev_feature_popup@EXTRUSION is AVAILABLE (CB)
WdgMtb: ACCESS DefineRmbBtn@extrev_feature_popup@EXTRUSION is invisible (UI)
WdgMtb: ACCESS SketchRmbBtn@extrev_feature_popup@EXTRUSION is AVAILABLE (CB)
WdgMtb: ACCESS add_draft_popup@extrev_feature_popup@EXTRUSION is AVAILABLE (CB)
WdgMtb: ACCESS cap_ends_popup@extrev_feature_popup@EXTRUSION is invisible (UI)
WdgMtb: ACCESS depth1_om@EXTRUSION is AVAILABLE (CB)
WdgMtb: ACCESS depth1_om@EXTRUSION is AVAILABLE (CB)
WdgMtb: ACCESS depth1_om@EXTRUSION is AVAILABLE (CB)
WdgMtb: ACCESS depth1_om@EXTRUSION is AVAILABLE (CB)
WdgMtb: ACCESS depth2_set_popup@extrev_feature_popup@EXTRUSION is AVAILABLE (CB)
WdgMtb: ACCESS depth1_om@EXTRUSION is AVAILABLE (CB)
WdgMtb: ACCESS depth2_set_popup@extrev_feature_popup@EXTRUSION is AVAILABLE (CB)
WdgMtb: ACCESS depth1_om@EXTRUSION is AVAILABLE (CB)
WdgMtb: ACCESS depth1_om@EXTRUSION is AVAILABLE (CB)
WdgMtb: ACCESS depth1_om@EXTRUSION is AVAILABLE (CB)
WdgMtb: ACCESS depth2_set_popup@extrev_feature_popup@EXTRUSION is AVAILABLE (CB)
WdgMtb: ACCESS depth1_om@EXTRUSION is AVAILABLE (CB)
WdgMtb: ACCESS depth2_set_popup@extrev_feature_popup@EXTRUSION is AVAILABLE (CB)
WdgMtb: ACCESS depth1_om@EXTRUSION is AVAILABLE (CB)
WdgMtb: ACCESS depth2_set_popup@extrev_feature_popup@EXTRUSION is AVAILABLE (CB)
WdgMtb: ACCESS solid_surf_rg@EXTRUSION is AVAILABLE (CB)
WdgMtb: ACCESS remove_material_popup@extrev_feature_popup@EXTRUSION is AVAILABLE (CB)
WdgMtb: ACCESS thick_sketch_popup@extrev_feature_popup@EXTRUSION is AVAILABLE (CB)
WdgMtb: ACCESS DefineRmbBtn@extrev_feature_popup@EXTRUSION is AVAILABLE (CB)
WdgMtb: ACCESS SketchRmbBtn@extrev_feature_popup@EXTRUSION is invisible (UI)
WdgMtb: ACCESS add_draft_popup@extrev_feature_popup@EXTRUSION is invisible (UI)
WdgMtb: ACCESS cap_ends_popup@extrev_feature_popup@EXTRUSION is invisible (UI)
WdgMtb: ACCESS solid_surf_rg@EXTRUSION is AVAILABLE (CB)
WdgMtb: ACCESS remove_material_popup@extrev_feature_popup@EXTRUSION is AVAILABLE (CB)
WdgMtb: ACCESS thick_sketch_popup@extrev_feature_popup@EXTRUSION is AVAILABLE (CB)
WdgMtb: ACCESS DefineRmbBtn@extrev_feature_popup@EXTRUSION is AVAILABLE (CB)
WdgMtb: ACCESS SketchRmbBtn@extrev_feature_popup@EXTRUSION is invisible (UI)
WdgMtb: ACCESS add_draft_popup@extrev_feature_popup@EXTRUSION is invisible (UI)
WdgMtb: ACCESS cap_ends_popup@extrev_feature_popup@EXTRUSION is invisible (UI)
